<?xml version="1.0" encoding="UTF-8"?>
<!-- Generated by org.testng.reporters.JUnitXMLReporter -->
<testsuite ignored="0" hostname="tejas" failures="1" tests="1" name="Test" time="0.061" errors="0" timestamp="2022-08-17T20:05:39 IST">
  <testcase classname="cb.testScroll" name="scroll" time="0.0">
    <failure type="org.testng.TestNGException" message="
Cannot inject @Test annotated Method [scroll] with [interface org.openqa.selenium.WebDriver].
For more information on native dependency injection please refer to https://testng.org/doc/documentation-main.html#native-dependency-injection">
      <![CDATA[org.testng.TestNGException: 
Cannot inject @Test annotated Method [scroll] with [interface org.openqa.selenium.WebDriver].
For more information on native dependency injection please refer to https://testng.org/doc/documentation-main.html#native-dependency-injection
at java.base/java.util.ArrayList.forEach(ArrayList.java:1511)
... Removed 26 stack frames]]>
    </failure>
  </testcase> <!-- scroll -->
</testsuite> <!-- Test -->
